# JRE version: Java(TM) SE Runtime Environment (8.0_131-b11) (build 1.8.0_131-b11)
# Java VM: Java HotSpot(TM) 64-Bit Server VM (25.131-b11 mixed mode linux-amd64 compressed oops)
Heap:
 PSYoungGen      total 394752K, used 652K [0x00000000d8000000, 0x00000000f0300000, 0x0000000100000000)
  eden space 393216K, 0% used [0x00000000d8000000,0x00000000d8000000,0x00000000f0000000)
  from space 1536K, 42% used [0x00000000f0000000,0x00000000f00a30e0,0x00000000f0180000)
  to   space 1536K, 0% used [0x00000000f0180000,0x00000000f0180000,0x00000000f0300000)
 ParOldGen       total 81920K, used 826K [0x0000000088000000, 0x000000008d000000, 0x00000000d8000000)
  object space 81920K, 1% used [0x0000000088000000,0x00000000880ce920,0x000000008d000000)
 Metaspace       used 4057K, capacity 4844K, committed 5120K, reserved 1056768K
  class space    used 459K, capacity 467K, committed 512K, reserved 1048576K
GC Heap History (10 events):
Event: 4,097 GC heap after
Heap after GC invocations=6 (full 0):
 PSYoungGen      total 124416K, used 1221K [0x00000000d8000000, 0x00000000dfb00000, 0x0000000100000000)
  eden space 122880K, 0% used [0x00000000d8000000,0x00000000d8000000,0x00000000df800000)
  from space 1536K, 79% used [0x00000000df980000,0x00000000dfab17c8,0x00000000dfb00000)
  to   space 1536K, 0% used [0x00000000df800000,0x00000000df800000,0x00000000df980000)
 ParOldGen       total 81920K, used 32K [0x0000000088000000, 0x000000008d000000, 0x00000000d8000000)
  object space 81920K, 0% used [0x0000000088000000,0x0000000088008000,0x000000008d000000)
 Metaspace       used 4057K, capacity 4844K, committed 5120K, reserved 1056768K
  class space    used 459K, capacity 467K, committed 512K, reserved 1048576K
}
Event: 4,419 GC heap before
{Heap before GC invocations=7 (full 0):
 PSYoungGen      total 124416K, used 124046K [0x00000000d8000000, 0x00000000dfb00000, 0x0000000100000000)
  eden space 122880K, 99% used [0x00000000d8000000,0x00000000df7f2350,0x00000000df800000)
  from space 1536K, 79% used [0x00000000df980000,0x00000000dfab17c8,0x00000000dfb00000)
  to   space 1536K, 0% used [0x00000000df800000,0x00000000df800000,0x00000000df980000)
 ParOldGen       total 81920K, used 32K [0x0000000088000000, 0x000000008d000000, 0x00000000d8000000)
  object space 81920K, 0% used [0x0000000088000000,0x0000000088008000,0x000000008d000000)
 Metaspace       used 4057K, capacity 4844K, committed 5120K, reserved 1056768K
  class space    used 459K, capacity 467K, committed 512K, reserved 1048576K
Event: 4,426 GC heap after
Heap after GC invocations=7 (full 0):
 PSYoungGen      total 124416K, used 351K [0x00000000d8000000, 0x00000000e7300000, 0x0000000100000000)
  eden space 122880K, 0% used [0x00000000d8000000,0x00000000d8000000,0x00000000df800000)
  from space 1536K, 22% used [0x00000000df800000,0x00000000df857e40,0x00000000df980000)
  to   space 1536K, 0% used [0x00000000e7180000,0x00000000e7180000,0x00000000e7300000)
 ParOldGen       total 81920K, used 818K [0x0000000088000000, 0x000000008d000000, 0x00000000d8000000)
  object space 81920K, 0% used [0x0000000088000000,0x00000000880cc920,0x000000008d000000)
 Metaspace       used 4057K, capacity 4844K, committed 5120K, reserved 1056768K
  class space    used 459K, capacity 467K, committed 512K, reserved 1048576K
}
Event: 4,700 GC heap before
{Heap before GC invocations=8 (full 0):
 PSYoungGen      total 124416K, used 123099K [0x00000000d8000000, 0x00000000e7300000, 0x0000000100000000)
  eden space 122880K, 99% used [0x00000000d8000000,0x00000000df7defc0,0x00000000df800000)
  from space 1536K, 22% used [0x00000000df800000,0x00000000df857e40,0x00000000df980000)
  to   space 1536K, 0% used [0x00000000e7180000,0x00000000e7180000,0x00000000e7300000)
 ParOldGen       total 81920K, used 818K [0x0000000088000000, 0x000000008d000000, 0x00000000d8000000)
  object space 81920K, 0% used [0x0000000088000000,0x00000000880cc920,0x000000008d000000)
 Metaspace       used 4057K, capacity 4844K, committed 5120K, reserved 1056768K
  class space    used 459K, capacity 467K, committed 512K, reserved 1048576K
Event: 4,707 GC heap after
Heap after GC invocations=8 (full 0):
 PSYoungGen      total 247296K, used 216K [0x00000000d8000000, 0x00000000e7300000, 0x0000000100000000)
  eden space 245760K, 0% used [0x00000000d8000000,0x00000000d8000000,0x00000000e7000000)
  from space 1536K, 14% used [0x00000000e7180000,0x00000000e71b6330,0x00000000e7300000)
  to   space 1536K, 0% used [0x00000000e7000000,0x00000000e7000000,0x00000000e7180000)
 ParOldGen       total 81920K, used 818K [0x0000000088000000, 0x000000008d000000, 0x00000000d8000000)
  object space 81920K, 0% used [0x0000000088000000,0x00000000880cc920,0x000000008d000000)
 Metaspace       used 4057K, capacity 4844K, committed 5120K, reserved 1056768K
  class space    used 459K, capacity 467K, committed 512K, reserved 1048576K
}
Event: 5,395 GC heap before
{Heap before GC invocations=9 (full 0):
 PSYoungGen      total 247296K, used 245938K [0x00000000d8000000, 0x00000000e7300000, 0x0000000100000000)
  eden space 245760K, 99% used [0x00000000d8000000,0x00000000e6ff6788,0x00000000e7000000)
  from space 1536K, 14% used [0x00000000e7180000,0x00000000e71b6330,0x00000000e7300000)
  to   space 1536K, 0% used [0x00000000e7000000,0x00000000e7000000,0x00000000e7180000)
 ParOldGen       total 81920K, used 818K [0x0000000088000000, 0x000000008d000000, 0x00000000d8000000)
  object space 81920K, 0% used [0x0000000088000000,0x00000000880cc920,0x000000008d000000)
 Metaspace       used 4057K, capacity 4844K, committed 5120K, reserved 1056768K
  class space    used 459K, capacity 467K, committed 512K, reserved 1048576K
Event: 5,399 GC heap after
Heap after GC invocations=9 (full 0):
 PSYoungGen      total 247296K, used 258K [0x00000000d8000000, 0x00000000f0300000, 0x0000000100000000)
  eden space 245760K, 0% used [0x00000000d8000000,0x00000000d8000000,0x00000000e7000000)
  from space 1536K, 16% used [0x00000000e7000000,0x00000000e7040ad0,0x00000000e7180000)
  to   space 1536K, 0% used [0x00000000f0180000,0x00000000f0180000,0x00000000f0300000)
 ParOldGen       total 81920K, used 818K [0x0000000088000000, 0x000000008d000000, 0x00000000d8000000)
  object space 81920K, 0% used [0x0000000088000000,0x00000000880cc920,0x000000008d000000)
 Metaspace       used 4057K, capacity 4844K, committed 5120K, reserved 1056768K
  class space    used 459K, capacity 467K, committed 512K, reserved 1048576K
}
Event: 5,735 GC heap before
{Heap before GC invocations=10 (full 0):
 PSYoungGen      total 247296K, used 245776K [0x00000000d8000000, 0x00000000f0300000, 0x0000000100000000)
  eden space 245760K, 99% used [0x00000000d8000000,0x00000000e6fc3610,0x00000000e7000000)
  from space 1536K, 16% used [0x00000000e7000000,0x00000000e7040ad0,0x00000000e7180000)
  to   space 1536K, 0% used [0x00000000f0180000,0x00000000f0180000,0x00000000f0300000)
 ParOldGen       total 81920K, used 818K [0x0000000088000000, 0x000000008d000000, 0x00000000d8000000)
  object space 81920K, 0% used [0x0000000088000000,0x00000000880cc920,0x000000008d000000)
 Metaspace       used 4057K, capacity 4844K, committed 5120K, reserved 1056768K
  class space    used 459K, capacity 467K, committed 512K, reserved 1048576K
Event: 5,741 GC heap after
Heap after GC invocations=10 (full 0):
 PSYoungGen      total 394752K, used 817K [0x00000000d8000000, 0x00000000f0300000, 0x0000000100000000)
  eden space 393216K, 0% used [0x00000000d8000000,0x00000000d8000000,0x00000000f0000000)
  from space 1536K, 53% used [0x00000000f0180000,0x00000000f024c688,0x00000000f0300000)
  to   space 1536K, 0% used [0x00000000f0000000,0x00000000f0000000,0x00000000f0180000)
 ParOldGen       total 81920K, used 826K [0x0000000088000000, 0x000000008d000000, 0x00000000d8000000)
  object space 81920K, 1% used [0x0000000088000000,0x00000000880ce920,0x000000008d000000)
 Metaspace       used 4057K, capacity 4844K, committed 5120K, reserved 1056768K
  class space    used 459K, capacity 467K, committed 512K, reserved 1048576K
}
Event: 7,049 GC heap before
{Heap before GC invocations=11 (full 0):
 PSYoungGen      total 394752K, used 393442K [0x00000000d8000000, 0x00000000f0300000, 0x0000000100000000)
  eden space 393216K, 99% used [0x00000000d8000000,0x00000000eff6c4b0,0x00000000f0000000)
  from space 1536K, 53% used [0x00000000f0180000,0x00000000f024c688,0x00000000f0300000)
  to   space 1536K, 0% used [0x00000000f0000000,0x00000000f0000000,0x00000000f0180000)
 ParOldGen       total 81920K, used 826K [0x0000000088000000, 0x000000008d000000, 0x00000000d8000000)
  object space 81920K, 1% used [0x0000000088000000,0x00000000880ce920,0x000000008d000000)
 Metaspace       used 4057K, capacity 4844K, committed 5120K, reserved 1056768K
  class space    used 459K, capacity 467K, committed 512K, reserved 1048576K

